<?xml version="1.0" encoding="UTF-8"?>
<!-- Generated by org.testng.reporters.JUnitReportReporter -->
<testsuite hostname="W10NOY01L-X3AMR" name="CucumberFramework.runner.MainRunner" tests="1" failures="0" timestamp="22 Nov 2020 16:03:24 GMT" time="18.647" errors="0">
  <testcase name="feature" time="18.647" classname="CucumberFramework.runner.MainRunner"/>
</testsuite> <!-- CucumberFramework.runner.MainRunner -->
