<?xml version="1.0" encoding="UTF-8"?>
<!-- Generated by org.testng.reporters.JUnitReportReporter -->
<testsuite skipped="0" hostname="W10NOY01L-X3AMR" name="testcases.TestRailPublish" tests="1" failures="0" timestamp="29 Oct 2020 23:06:53 GMT" time="1.671" errors="0">
  <testcase name="publishInTestRail" time="1.671" classname="testcases.TestRailPublish"/>
</testsuite> <!-- testcases.TestRailPublish -->
