<?xml version="1.0" encoding="UTF-8"?>
<!-- Generated by org.testng.reporters.JUnitReportReporter -->
<testsuite skipped="0" hostname="W10NOY01L-X3AMR" name="testcases.LoginSugarTest" tests="1" failures="0" timestamp="17 Nov 2020 15:02:04 GMT" time="3.129" errors="0">
  <testcase name="loginSugarTest" time="3.129" classname="testcases.LoginSugarTest"/>
</testsuite> <!-- testcases.LoginSugarTest -->
