<?xml version="1.0" encoding="UTF-8"?>
<!-- Generated by org.testng.reporters.JUnitReportReporter -->
<testsuite skipped="0" hostname="W10NOY01L-X3AMR" name="testcases.SelectMemberFiles" tests="1" failures="0" timestamp="25 Sep 2020 16:44:16 GMT" time="0.119" errors="0">
  <testcase name="selectMember" time="0.119" classname="testcases.SelectMemberFiles"/>
</testsuite> <!-- testcases.SelectMemberFiles -->
