<?xml version="1.0" encoding="UTF-8"?>
<!-- Generated by org.testng.reporters.JUnitReportReporter -->
<testsuite skipped="0" hostname="W10NOY01L-X3AMR" name="testcases.LoginTest" tests="1" failures="0" timestamp="30 Sep 2020 17:20:25 GMT" time="4.220" errors="0">
  <testcase name="loginAsSugarUser" time="4.220" classname="testcases.LoginTest"/>
</testsuite> <!-- testcases.LoginTest -->
