<?xml version="1.0" encoding="UTF-8"?>
<!-- Generated by org.testng.reporters.JUnitReportReporter -->
<testsuite skipped="0" hostname="W10NOY01L-X3AMR" name="testcases.TestRailPublish" tests="1" failures="0" timestamp="03 Nov 2020 22:04:51 GMT" time="0.100" errors="0">
  <testcase name="publishInTestRail" time="0.100" classname="testcases.TestRailPublish"/>
</testsuite> <!-- testcases.TestRailPublish -->
